17:08:06.473 [ApplicationImpl pooled thread 385] INFO  c.b.l.BrowserStackRunExtension - cucumber java
17:08:06.477 [ApplicationImpl pooled thread 385] INFO  com.browserstack.utils.Helpers - null
17:08:06.480 [ApplicationImpl pooled thread 385] INFO  c.b.l.BrowserStackRunExtension - Agent path: null
17:10:51.112 [ApplicationImpl pooled thread 398] INFO  c.b.l.BrowserStackRunExtension - cucumber java
17:10:51.112 [ApplicationImpl pooled thread 398] INFO  com.browserstack.utils.Helpers - null
17:10:51.112 [ApplicationImpl pooled thread 398] INFO  c.b.l.BrowserStackRunExtension - Agent path: null
17:17:44.145 [AWT-EventQueue-0] INFO  c.b.actions.EnableBrowserStack - Setting enable browserstack run update
17:17:44.179 [AWT-EventQueue-0] INFO  c.b.actions.DisableBrowserStack - Setting disable browserstack run update
17:17:44.202 [AWT-EventQueue-0] INFO  c.b.actions.EnableBrowserStack - Setting enable browserstack run update
17:17:44.247 [AWT-EventQueue-0] INFO  c.b.actions.DisableBrowserStack - Setting disable browserstack run update
17:20:34.832 [AWT-EventQueue-0] INFO  c.b.launchers.LaunchMavenCommand - Integrate source: cucumber:intellij:v1.1.4
17:20:34.833 [AWT-EventQueue-0] INFO  c.b.launchers.LaunchMavenCommand - Executing maven archetype command - browserstack-sdk-archetype-integrate
17:20:35.031 [ApplicationImpl pooled thread 413] INFO  c.b.l.BrowserStackRunExtension - maven
17:20:35.032 [ApplicationImpl pooled thread 413] INFO  com.browserstack.utils.Helpers - null
17:21:00.050 [java.exe] INFO  c.b.launchers.LaunchMavenCommand - Completed maven archetype command
17:26:02.095 [ApplicationImpl pooled thread 442] INFO  c.b.l.BrowserStackRunExtension - cucumber java
17:26:02.095 [ApplicationImpl pooled thread 442] INFO  com.browserstack.utils.Helpers - true
17:26:02.095 [ApplicationImpl pooled thread 442] INFO  com.browserstack.utils.Helpers - C:/Users/ravithakur/.m2/repository/com/browserstack/browserstack-java-sdk/1.13.6/browserstack-java-sdk-1.13.6.jar
17:26:02.095 [ApplicationImpl pooled thread 442] INFO  c.b.l.BrowserStackRunExtension - Agent path: C:/Users/ravithakur/.m2/repository/com/browserstack/browserstack-java-sdk/1.13.6/browserstack-java-sdk-1.13.6.jar
17:26:02.095 [ApplicationImpl pooled thread 442] INFO  c.b.l.BrowserStackRunExtension - Plugin version: v1.1.4
17:35:12.528 [AWT-EventQueue-0] INFO  c.b.actions.EnableBrowserStack - Setting enable browserstack run update
17:35:12.529 [AWT-EventQueue-0] INFO  com.browserstack.utils.Helpers - C:/Users/ravithakur/.m2/repository/com/browserstack/browserstack-java-sdk/1.13.6/browserstack-java-sdk-1.13.6.jar
17:35:12.529 [AWT-EventQueue-0] INFO  com.browserstack.utils.Helpers - true
17:35:12.550 [AWT-EventQueue-0] INFO  c.b.actions.DisableBrowserStack - Setting disable browserstack run update
17:35:12.551 [AWT-EventQueue-0] INFO  com.browserstack.utils.Helpers - C:/Users/ravithakur/.m2/repository/com/browserstack/browserstack-java-sdk/1.13.6/browserstack-java-sdk-1.13.6.jar
17:35:12.551 [AWT-EventQueue-0] INFO  com.browserstack.utils.Helpers - true
17:35:12.575 [AWT-EventQueue-0] INFO  c.b.actions.EnableBrowserStack - Setting enable browserstack run update
17:35:12.576 [AWT-EventQueue-0] INFO  com.browserstack.utils.Helpers - C:/Users/ravithakur/.m2/repository/com/browserstack/browserstack-java-sdk/1.13.6/browserstack-java-sdk-1.13.6.jar
17:35:12.576 [AWT-EventQueue-0] INFO  com.browserstack.utils.Helpers - true
17:35:12.611 [AWT-EventQueue-0] INFO  c.b.actions.DisableBrowserStack - Setting disable browserstack run update
17:35:12.612 [AWT-EventQueue-0] INFO  com.browserstack.utils.Helpers - C:/Users/ravithakur/.m2/repository/com/browserstack/browserstack-java-sdk/1.13.6/browserstack-java-sdk-1.13.6.jar
17:35:12.612 [AWT-EventQueue-0] INFO  com.browserstack.utils.Helpers - true
17:35:27.971 [AWT-EventQueue-0] INFO  c.b.launchers.LaunchMavenCommand - Integrate source: java:intellij:v1.1.4
17:35:27.972 [AWT-EventQueue-0] INFO  c.b.launchers.LaunchMavenCommand - Executing maven archetype command - browserstack-sdk-archetype-integrate
17:35:28.029 [ApplicationImpl pooled thread 451] INFO  c.b.l.BrowserStackRunExtension - maven
17:35:28.029 [ApplicationImpl pooled thread 451] INFO  com.browserstack.utils.Helpers - true
17:36:01.531 [java.exe] INFO  c.b.launchers.LaunchMavenCommand - Completed maven archetype command
17:36:37.107 [AWT-EventQueue-0] INFO  c.b.actions.EnableBrowserStack - Setting enable browserstack run update
17:36:37.108 [AWT-EventQueue-0] INFO  com.browserstack.utils.Helpers - C:/Users/ravithakur/.m2/repository/com/browserstack/browserstack-java-sdk/1.13.6/browserstack-java-sdk-1.13.6.jar
17:36:37.109 [AWT-EventQueue-0] INFO  com.browserstack.utils.Helpers - true
17:36:37.124 [AWT-EventQueue-0] INFO  c.b.actions.DisableBrowserStack - Setting disable browserstack run update
17:36:37.125 [AWT-EventQueue-0] INFO  com.browserstack.utils.Helpers - C:/Users/ravithakur/.m2/repository/com/browserstack/browserstack-java-sdk/1.13.6/browserstack-java-sdk-1.13.6.jar
17:36:37.125 [AWT-EventQueue-0] INFO  com.browserstack.utils.Helpers - true
17:37:03.109 [AWT-EventQueue-0] INFO  c.b.actions.EnableBrowserStack - Setting enable browserstack run update
17:37:03.111 [AWT-EventQueue-0] INFO  com.browserstack.utils.Helpers - C:/Users/ravithakur/.m2/repository/com/browserstack/browserstack-java-sdk/1.13.6/browserstack-java-sdk-1.13.6.jar
17:37:03.111 [AWT-EventQueue-0] INFO  com.browserstack.utils.Helpers - true
17:37:03.136 [AWT-EventQueue-0] INFO  c.b.actions.DisableBrowserStack - Setting disable browserstack run update
17:37:03.137 [AWT-EventQueue-0] INFO  com.browserstack.utils.Helpers - C:/Users/ravithakur/.m2/repository/com/browserstack/browserstack-java-sdk/1.13.6/browserstack-java-sdk-1.13.6.jar
17:37:03.137 [AWT-EventQueue-0] INFO  com.browserstack.utils.Helpers - true
17:37:13.366 [AWT-EventQueue-0] INFO  c.b.actions.EnableBrowserStack - Setting enable browserstack run update
17:37:13.367 [AWT-EventQueue-0] INFO  com.browserstack.utils.Helpers - C:/Users/ravithakur/.m2/repository/com/browserstack/browserstack-java-sdk/1.13.6/browserstack-java-sdk-1.13.6.jar
17:37:13.367 [AWT-EventQueue-0] INFO  com.browserstack.utils.Helpers - true
17:37:13.385 [AWT-EventQueue-0] INFO  c.b.actions.DisableBrowserStack - Setting disable browserstack run update
17:37:13.385 [AWT-EventQueue-0] INFO  com.browserstack.utils.Helpers - C:/Users/ravithakur/.m2/repository/com/browserstack/browserstack-java-sdk/1.13.6/browserstack-java-sdk-1.13.6.jar
17:37:13.385 [AWT-EventQueue-0] INFO  com.browserstack.utils.Helpers - true
17:37:15.497 [AWT-EventQueue-0] INFO  c.b.actions.DisableBrowserStack - Setting disable browserstack run update
17:37:15.497 [AWT-EventQueue-0] INFO  com.browserstack.utils.Helpers - C:/Users/ravithakur/.m2/repository/com/browserstack/browserstack-java-sdk/1.13.6/browserstack-java-sdk-1.13.6.jar
17:37:15.498 [AWT-EventQueue-0] INFO  com.browserstack.utils.Helpers - true
17:37:15.517 [AWT-EventQueue-0] INFO  c.b.actions.DisableBrowserStack - Disabling BrowserStack Run
17:37:15.517 [AWT-EventQueue-0] INFO  com.browserstack.utils.Helpers - setting browserstack enabled to false
17:37:22.217 [AWT-EventQueue-0] INFO  c.b.actions.EnableBrowserStack - Setting enable browserstack run update
17:37:22.218 [AWT-EventQueue-0] INFO  com.browserstack.utils.Helpers - C:/Users/ravithakur/.m2/repository/com/browserstack/browserstack-java-sdk/1.13.6/browserstack-java-sdk-1.13.6.jar
17:37:22.218 [AWT-EventQueue-0] INFO  com.browserstack.utils.Helpers - false
17:37:22.228 [AWT-EventQueue-0] INFO  c.b.actions.DisableBrowserStack - Setting disable browserstack run update
17:37:22.228 [AWT-EventQueue-0] INFO  com.browserstack.utils.Helpers - C:/Users/ravithakur/.m2/repository/com/browserstack/browserstack-java-sdk/1.13.6/browserstack-java-sdk-1.13.6.jar
17:37:22.228 [AWT-EventQueue-0] INFO  com.browserstack.utils.Helpers - false
17:37:42.339 [ApplicationImpl pooled thread 451] INFO  c.b.l.BrowserStackRunExtension - cucumber java
17:37:42.339 [ApplicationImpl pooled thread 451] INFO  com.browserstack.utils.Helpers - false
17:44:58.605 [AWT-EventQueue-0] INFO  c.b.actions.EnableBrowserStack - Setting enable browserstack run update
17:44:58.606 [AWT-EventQueue-0] INFO  com.browserstack.utils.Helpers - C:/Users/ravithakur/.m2/repository/com/browserstack/browserstack-java-sdk/1.13.6/browserstack-java-sdk-1.13.6.jar
17:44:58.607 [AWT-EventQueue-0] INFO  com.browserstack.utils.Helpers - false
17:44:58.625 [AWT-EventQueue-0] INFO  c.b.actions.DisableBrowserStack - Setting disable browserstack run update
17:44:58.625 [AWT-EventQueue-0] INFO  com.browserstack.utils.Helpers - C:/Users/ravithakur/.m2/repository/com/browserstack/browserstack-java-sdk/1.13.6/browserstack-java-sdk-1.13.6.jar
17:44:58.626 [AWT-EventQueue-0] INFO  com.browserstack.utils.Helpers - false
17:46:43.469 [AWT-EventQueue-0] INFO  c.b.actions.EnableBrowserStack - Setting enable browserstack run update
17:46:43.470 [AWT-EventQueue-0] INFO  com.browserstack.utils.Helpers - C:/Users/ravithakur/.m2/repository/com/browserstack/browserstack-java-sdk/1.13.6/browserstack-java-sdk-1.13.6.jar
17:46:43.470 [AWT-EventQueue-0] INFO  com.browserstack.utils.Helpers - false
17:46:43.498 [AWT-EventQueue-0] INFO  c.b.actions.DisableBrowserStack - Setting disable browserstack run update
17:46:43.498 [AWT-EventQueue-0] INFO  com.browserstack.utils.Helpers - C:/Users/ravithakur/.m2/repository/com/browserstack/browserstack-java-sdk/1.13.6/browserstack-java-sdk-1.13.6.jar
17:46:43.498 [AWT-EventQueue-0] INFO  com.browserstack.utils.Helpers - false
17:46:43.525 [AWT-EventQueue-0] INFO  c.b.actions.EnableBrowserStack - Setting enable browserstack run update
17:46:43.526 [AWT-EventQueue-0] INFO  com.browserstack.utils.Helpers - C:/Users/ravithakur/.m2/repository/com/browserstack/browserstack-java-sdk/1.13.6/browserstack-java-sdk-1.13.6.jar
17:46:43.526 [AWT-EventQueue-0] INFO  com.browserstack.utils.Helpers - false
17:46:43.545 [AWT-EventQueue-0] INFO  c.b.actions.DisableBrowserStack - Setting disable browserstack run update
17:46:43.545 [AWT-EventQueue-0] INFO  com.browserstack.utils.Helpers - C:/Users/ravithakur/.m2/repository/com/browserstack/browserstack-java-sdk/1.13.6/browserstack-java-sdk-1.13.6.jar
17:46:43.545 [AWT-EventQueue-0] INFO  com.browserstack.utils.Helpers - false
17:46:46.048 [AWT-EventQueue-0] INFO  c.b.actions.EnableBrowserStack - Setting enable browserstack run update
17:46:46.048 [AWT-EventQueue-0] INFO  com.browserstack.utils.Helpers - C:/Users/ravithakur/.m2/repository/com/browserstack/browserstack-java-sdk/1.13.6/browserstack-java-sdk-1.13.6.jar
17:46:46.048 [AWT-EventQueue-0] INFO  com.browserstack.utils.Helpers - false
17:46:46.063 [AWT-EventQueue-0] INFO  c.b.actions.EnableBrowserStack - Enabling BrowserStack Run
17:46:46.063 [AWT-EventQueue-0] INFO  com.browserstack.utils.Helpers - setting browserstack enabled to true
17:47:02.374 [ApplicationImpl pooled thread 467] INFO  c.b.l.BrowserStackRunExtension - cucumber java
17:47:02.374 [ApplicationImpl pooled thread 467] INFO  com.browserstack.utils.Helpers - true
17:47:02.380 [ApplicationImpl pooled thread 467] INFO  com.browserstack.utils.Helpers - C:/Users/ravithakur/.m2/repository/com/browserstack/browserstack-java-sdk/1.13.6/browserstack-java-sdk-1.13.6.jar
17:47:02.381 [ApplicationImpl pooled thread 467] INFO  c.b.l.BrowserStackRunExtension - Agent path: C:/Users/ravithakur/.m2/repository/com/browserstack/browserstack-java-sdk/1.13.6/browserstack-java-sdk-1.13.6.jar
17:47:02.381 [ApplicationImpl pooled thread 467] INFO  c.b.l.BrowserStackRunExtension - Plugin version: v1.1.4
17:51:48.339 [AWT-EventQueue-0] INFO  c.b.actions.EnableBrowserStack - Setting enable browserstack run update
17:51:48.339 [AWT-EventQueue-0] INFO  com.browserstack.utils.Helpers - C:/Users/ravithakur/.m2/repository/com/browserstack/browserstack-java-sdk/1.13.6/browserstack-java-sdk-1.13.6.jar
17:51:48.340 [AWT-EventQueue-0] INFO  com.browserstack.utils.Helpers - true
17:51:48.360 [AWT-EventQueue-0] INFO  c.b.actions.DisableBrowserStack - Setting disable browserstack run update
17:51:48.361 [AWT-EventQueue-0] INFO  com.browserstack.utils.Helpers - C:/Users/ravithakur/.m2/repository/com/browserstack/browserstack-java-sdk/1.13.6/browserstack-java-sdk-1.13.6.jar
17:51:48.361 [AWT-EventQueue-0] INFO  com.browserstack.utils.Helpers - true
17:51:51.717 [AWT-EventQueue-0] INFO  c.b.actions.DisableBrowserStack - Setting disable browserstack run update
17:51:51.717 [AWT-EventQueue-0] INFO  com.browserstack.utils.Helpers - C:/Users/ravithakur/.m2/repository/com/browserstack/browserstack-java-sdk/1.13.6/browserstack-java-sdk-1.13.6.jar
17:51:51.717 [AWT-EventQueue-0] INFO  com.browserstack.utils.Helpers - true
17:51:51.733 [AWT-EventQueue-0] INFO  c.b.actions.DisableBrowserStack - Disabling BrowserStack Run
17:51:51.734 [AWT-EventQueue-0] INFO  com.browserstack.utils.Helpers - setting browserstack enabled to false
18:08:37.814 [ApplicationImpl pooled thread 504] INFO  c.b.l.BrowserStackRunExtension - cucumber java
18:08:37.814 [ApplicationImpl pooled thread 504] INFO  com.browserstack.utils.Helpers - false
18:17:42.568 [ApplicationImpl pooled thread 520] INFO  c.b.l.BrowserStackRunExtension - cucumber java
18:17:42.569 [ApplicationImpl pooled thread 520] INFO  com.browserstack.utils.Helpers - false
18:22:13.729 [ApplicationImpl pooled thread 526] INFO  c.b.l.BrowserStackRunExtension - cucumber java
18:22:13.729 [ApplicationImpl pooled thread 526] INFO  com.browserstack.utils.Helpers - false
18:23:31.239 [ApplicationImpl pooled thread 543] INFO  c.b.l.BrowserStackRunExtension - cucumber java
18:23:31.239 [ApplicationImpl pooled thread 543] INFO  com.browserstack.utils.Helpers - false
18:26:02.570 [ApplicationImpl pooled thread 522] INFO  c.b.l.BrowserStackRunExtension - cucumber java
18:26:02.570 [ApplicationImpl pooled thread 522] INFO  com.browserstack.utils.Helpers - false
18:29:55.934 [ApplicationImpl pooled thread 543] INFO  c.b.l.BrowserStackRunExtension - cucumber java
18:29:55.934 [ApplicationImpl pooled thread 543] INFO  com.browserstack.utils.Helpers - false
18:33:29.108 [ApplicationImpl pooled thread 567] INFO  c.b.l.BrowserStackRunExtension - cucumber java
18:33:29.108 [ApplicationImpl pooled thread 567] INFO  com.browserstack.utils.Helpers - false
18:39:58.082 [ApplicationImpl pooled thread 576] INFO  c.b.l.BrowserStackRunExtension - cucumber java
18:39:58.082 [ApplicationImpl pooled thread 576] INFO  com.browserstack.utils.Helpers - false
18:42:44.779 [ApplicationImpl pooled thread 577] INFO  c.b.l.BrowserStackRunExtension - cucumber java
18:42:44.779 [ApplicationImpl pooled thread 577] INFO  com.browserstack.utils.Helpers - false
18:47:48.526 [ApplicationImpl pooled thread 582] INFO  c.b.l.BrowserStackRunExtension - cucumber java
18:47:48.527 [ApplicationImpl pooled thread 582] INFO  com.browserstack.utils.Helpers - false
18:54:56.981 [ApplicationImpl pooled thread 604] INFO  c.b.l.BrowserStackRunExtension - cucumber java
18:54:56.981 [ApplicationImpl pooled thread 604] INFO  com.browserstack.utils.Helpers - false
19:16:45.344 [ApplicationImpl pooled thread 628] INFO  c.b.l.BrowserStackRunExtension - cucumber java
19:16:45.344 [ApplicationImpl pooled thread 628] INFO  com.browserstack.utils.Helpers - false
19:27:33.848 [ApplicationImpl pooled thread 647] INFO  c.b.l.BrowserStackRunExtension - cucumber java
19:27:33.848 [ApplicationImpl pooled thread 647] INFO  com.browserstack.utils.Helpers - false
19:36:32.036 [ApplicationImpl pooled thread 682] INFO  c.b.l.BrowserStackRunExtension - cucumber java
19:36:32.036 [ApplicationImpl pooled thread 682] INFO  com.browserstack.utils.Helpers - false
19:41:31.040 [ApplicationImpl pooled thread 692] INFO  c.b.l.BrowserStackRunExtension - cucumber java
19:41:31.040 [ApplicationImpl pooled thread 692] INFO  com.browserstack.utils.Helpers - false
19:45:20.278 [ApplicationImpl pooled thread 715] INFO  c.b.l.BrowserStackRunExtension - cucumber java
19:45:20.279 [ApplicationImpl pooled thread 715] INFO  com.browserstack.utils.Helpers - false
16:05:54.836 [ApplicationImpl pooled thread 1100] INFO  c.b.l.BrowserStackRunExtension - cucumber java
16:05:54.836 [ApplicationImpl pooled thread 1100] INFO  com.browserstack.utils.Helpers - false
16:12:48.504 [ApplicationImpl pooled thread 1117] INFO  c.b.l.BrowserStackRunExtension - cucumber java
16:12:48.530 [ApplicationImpl pooled thread 1117] INFO  com.browserstack.utils.Helpers - false
09:48:55.007 [ApplicationImpl pooled thread 25] INFO  c.b.l.BrowserStackRunExtension - cucumber java
09:48:55.007 [ApplicationImpl pooled thread 25] INFO  com.browserstack.utils.Helpers - false
10:26:08.186 [ApplicationImpl pooled thread 55] INFO  c.b.l.BrowserStackRunExtension - cucumber java
10:26:08.186 [ApplicationImpl pooled thread 55] INFO  com.browserstack.utils.Helpers - false
10:34:15.546 [ApplicationImpl pooled thread 65] INFO  c.b.l.BrowserStackRunExtension - cucumber java
10:34:15.546 [ApplicationImpl pooled thread 65] INFO  com.browserstack.utils.Helpers - false
10:40:26.523 [ApplicationImpl pooled thread 78] INFO  c.b.l.BrowserStackRunExtension - cucumber java
10:40:26.523 [ApplicationImpl pooled thread 78] INFO  com.browserstack.utils.Helpers - false
10:43:45.749 [ApplicationImpl pooled thread 78] INFO  c.b.l.BrowserStackRunExtension - cucumber java
10:43:45.749 [ApplicationImpl pooled thread 78] INFO  com.browserstack.utils.Helpers - false
10:47:02.419 [ApplicationImpl pooled thread 71] INFO  c.b.l.BrowserStackRunExtension - cucumber java
10:47:02.419 [ApplicationImpl pooled thread 71] INFO  com.browserstack.utils.Helpers - false
10:50:32.910 [ApplicationImpl pooled thread 99] INFO  c.b.l.BrowserStackRunExtension - cucumber java
10:50:32.910 [ApplicationImpl pooled thread 99] INFO  com.browserstack.utils.Helpers - false
10:33:18.367 [ApplicationImpl pooled thread 10] INFO  c.b.l.BrowserStackRunExtension - cucumber java
10:33:18.385 [ApplicationImpl pooled thread 10] INFO  com.browserstack.utils.Helpers - false
11:01:11.772 [ApplicationImpl pooled thread 39] INFO  c.b.l.BrowserStackRunExtension - cucumber java
11:01:11.772 [ApplicationImpl pooled thread 39] INFO  com.browserstack.utils.Helpers - false
11:03:25.150 [ApplicationImpl pooled thread 51] INFO  c.b.l.BrowserStackRunExtension - cucumber java
11:03:25.150 [ApplicationImpl pooled thread 51] INFO  com.browserstack.utils.Helpers - false
11:11:46.481 [ApplicationImpl pooled thread 65] INFO  c.b.l.BrowserStackRunExtension - cucumber java
11:11:46.481 [ApplicationImpl pooled thread 65] INFO  com.browserstack.utils.Helpers - false
11:12:32.213 [ApplicationImpl pooled thread 52] INFO  c.b.l.BrowserStackRunExtension - cucumber java
11:12:32.219 [ApplicationImpl pooled thread 52] INFO  com.browserstack.utils.Helpers - false
11:13:41.736 [ApplicationImpl pooled thread 69] INFO  c.b.l.BrowserStackRunExtension - cucumber java
11:13:41.736 [ApplicationImpl pooled thread 69] INFO  com.browserstack.utils.Helpers - false
11:14:19.718 [ApplicationImpl pooled thread 69] INFO  c.b.l.BrowserStackRunExtension - cucumber java
11:14:19.718 [ApplicationImpl pooled thread 69] INFO  com.browserstack.utils.Helpers - false
11:19:01.772 [ApplicationImpl pooled thread 80] INFO  c.b.l.BrowserStackRunExtension - cucumber java
11:19:01.772 [ApplicationImpl pooled thread 80] INFO  com.browserstack.utils.Helpers - false
12:01:51.984 [ApplicationImpl pooled thread 106] INFO  c.b.l.BrowserStackRunExtension - cucumber java
12:01:51.985 [ApplicationImpl pooled thread 106] INFO  com.browserstack.utils.Helpers - false
12:07:59.375 [ApplicationImpl pooled thread 118] INFO  c.b.l.BrowserStackRunExtension - cucumber java
12:07:59.376 [ApplicationImpl pooled thread 118] INFO  com.browserstack.utils.Helpers - false
12:14:31.337 [ApplicationImpl pooled thread 130] INFO  c.b.l.BrowserStackRunExtension - cucumber java
12:14:31.337 [ApplicationImpl pooled thread 130] INFO  com.browserstack.utils.Helpers - false
18:09:54.933 [ApplicationImpl pooled thread 18] INFO  c.b.l.BrowserStackRunExtension - cucumber java
18:09:54.937 [ApplicationImpl pooled thread 18] INFO  com.browserstack.utils.Helpers - false
18:21:16.647 [ApplicationImpl pooled thread 39] INFO  c.b.l.BrowserStackRunExtension - cucumber java
18:21:16.647 [ApplicationImpl pooled thread 39] INFO  com.browserstack.utils.Helpers - false
18:25:47.052 [ApplicationImpl pooled thread 44] INFO  c.b.l.BrowserStackRunExtension - cucumber java
18:25:47.054 [ApplicationImpl pooled thread 44] INFO  com.browserstack.utils.Helpers - false
18:35:47.214 [ApplicationImpl pooled thread 47] INFO  c.b.l.BrowserStackRunExtension - cucumber java
18:35:47.214 [ApplicationImpl pooled thread 47] INFO  com.browserstack.utils.Helpers - false
18:43:52.434 [ApplicationImpl pooled thread 101] INFO  c.b.l.BrowserStackRunExtension - cucumber java
18:43:52.434 [ApplicationImpl pooled thread 101] INFO  com.browserstack.utils.Helpers - false
19:05:42.385 [ApplicationImpl pooled thread 144] INFO  c.b.l.BrowserStackRunExtension - cucumber java
19:05:42.385 [ApplicationImpl pooled thread 144] INFO  com.browserstack.utils.Helpers - false
19:08:36.161 [ApplicationImpl pooled thread 141] INFO  c.b.l.BrowserStackRunExtension - cucumber java
19:08:36.161 [ApplicationImpl pooled thread 141] INFO  com.browserstack.utils.Helpers - false
19:11:52.593 [ApplicationImpl pooled thread 140] INFO  c.b.l.BrowserStackRunExtension - cucumber java
19:11:52.593 [ApplicationImpl pooled thread 140] INFO  com.browserstack.utils.Helpers - false
19:14:52.998 [ApplicationImpl pooled thread 155] INFO  c.b.l.BrowserStackRunExtension - cucumber java
19:14:52.998 [ApplicationImpl pooled thread 155] INFO  com.browserstack.utils.Helpers - false
19:19:55.847 [ApplicationImpl pooled thread 177] INFO  c.b.l.BrowserStackRunExtension - cucumber java
19:19:55.847 [ApplicationImpl pooled thread 177] INFO  com.browserstack.utils.Helpers - false
19:20:47.380 [ApplicationImpl pooled thread 166] INFO  c.b.l.BrowserStackRunExtension - cucumber java
19:20:47.380 [ApplicationImpl pooled thread 166] INFO  com.browserstack.utils.Helpers - false
19:22:08.748 [ApplicationImpl pooled thread 185] INFO  c.b.l.BrowserStackRunExtension - cucumber java
19:22:08.748 [ApplicationImpl pooled thread 185] INFO  com.browserstack.utils.Helpers - false
19:58:19.205 [ApplicationImpl pooled thread 218] INFO  c.b.l.BrowserStackRunExtension - cucumber java
19:58:19.205 [ApplicationImpl pooled thread 218] INFO  com.browserstack.utils.Helpers - false
